<?xml version="1.0" encoding="UTF-8"?>
<testng-results skipped="0" failed="0" ignored="0" total="1" passed="1">
  <reporter-output>
    <line>
      <![CDATA[Setting Up Reports and Test is getting ready]]>
    </line>
    <line>
      <![CDATA[Settings Done->Test Can be Started]]>
    </line>
    <line>
      <![CDATA[Trying to start Browser and getting Application Ready]]>
    </line>
    <line>
      <![CDATA[Browser and Application is up and running]]>
    </line>
    <line>
      <![CDATA[Test is About to end]]>
    </line>
    <line>
      <![CDATA[Test Completed>>>Reports Generated]]>
    </line>
  </reporter-output>
  <suite name="Suite" duration-ms="5953" started-at="2021-04-10T03:02:39 EDT" finished-at="2021-04-10T03:02:45 EDT">
    <groups>
    </groups>
    <test name="Test" duration-ms="5953" started-at="2021-04-10T03:02:39 EDT" finished-at="2021-04-10T03:02:45 EDT">
      <class name="com.automation.testcases.LoginTest">
        <test-method status="PASS" signature="setupSuite()[pri:0, instance:com.automation.testcases.LoginTest@3b088d51]" name="setupSuite" is-config="true" duration-ms="408" started-at="2021-04-10T03:02:38 EDT" finished-at="2021-04-10T03:02:39 EDT">
          <reporter-output>
            <line>
              <![CDATA[Setting Up Reports and Test is getting ready]]>
            </line>
            <line>
              <![CDATA[Settings Done->Test Can be Started]]>
            </line>
          </reporter-output>
        </test-method> <!-- setupSuite -->
        <test-method status="PASS" signature="setUp()[pri:0, instance:com.automation.testcases.LoginTest@3b088d51]" name="setUp" is-config="true" duration-ms="3318" started-at="2021-04-10T03:02:39 EDT" finished-at="2021-04-10T03:02:42 EDT">
          <reporter-output>
            <line>
              <![CDATA[Trying to start Browser and getting Application Ready]]>
            </line>
            <line>
              <![CDATA[Browser and Application is up and running]]>
            </line>
          </reporter-output>
        </test-method> <!-- setUp -->
        <test-method status="PASS" signature="loginApplication()[pri:1, instance:com.automation.testcases.LoginTest@3b088d51]" name="loginApplication" duration-ms="1828" started-at="2021-04-10T03:02:42 EDT" finished-at="2021-04-10T03:02:44 EDT">
          <reporter-output>
          </reporter-output>
        </test-method> <!-- loginApplication -->
        <test-method status="PASS" signature="tearDownMethod(org.testng.ITestResult)[pri:0, instance:com.automation.testcases.LoginTest@3b088d51]" name="tearDownMethod" is-config="true" duration-ms="780" started-at="2021-04-10T03:02:44 EDT" finished-at="2021-04-10T03:02:45 EDT">
          <params>
            <param index="0">
              <value>
                <![CDATA[[TestResult name=loginApplication status=SUCCESS method=LoginTest.loginApplication()[pri:1, instance:com.automation.testcases.LoginTest@3b088d51] output={null}]]]>
              </value>
            </param>
          </params>
          <reporter-output>
            <line>
              <![CDATA[Test is About to end]]>
            </line>
            <line>
              <![CDATA[Test Completed>>>Reports Generated]]>
            </line>
          </reporter-output>
        </test-method> <!-- tearDownMethod -->
        <test-method status="PASS" signature="tearDown()[pri:0, instance:com.automation.testcases.LoginTest@3b088d51]" name="tearDown" is-config="true" duration-ms="0" started-at="2021-04-10T03:02:45 EDT" finished-at="2021-04-10T03:02:45 EDT">
          <reporter-output>
          </reporter-output>
        </test-method> <!-- tearDown -->
      </class> <!-- com.automation.testcases.LoginTest -->
    </test> <!-- Test -->
  </suite> <!-- Suite -->
</testng-results>
