<?xml version="1.0" encoding="UTF-8"?>
<testng-results skipped="0" failed="0" ignored="0" total="1" passed="1">
  <reporter-output>
    <line>
      <![CDATA[Setting Up Reports and Test is getting ready]]>
    </line>
    <line>
      <![CDATA[Settings Done->Test Can be Started]]>
    </line>
    <line>
      <![CDATA[Trying to start Browser and getting Application Ready]]>
    </line>
    <line>
      <![CDATA[Browser and Application is up and running]]>
    </line>
    <line>
      <![CDATA[Test is About to end]]>
    </line>
    <line>
      <![CDATA[Test Completed>>>Reports Generated]]>
    </line>
  </reporter-output>
  <suite name="Suite" duration-ms="5854" started-at="2021-03-27T04:14:10 EDT" finished-at="2021-03-27T04:14:15 EDT">
    <groups>
    </groups>
    <test name="Test" duration-ms="5854" started-at="2021-03-27T04:14:10 EDT" finished-at="2021-03-27T04:14:15 EDT">
      <class name="com.automation.testcases.LoginTest">
        <test-method status="PASS" signature="setupSuite()[pri:0, instance:com.automation.testcases.LoginTest@15d0c81b]" name="setupSuite" is-config="true" duration-ms="380" started-at="2021-03-27T04:14:09 EDT" finished-at="2021-03-27T04:14:10 EDT">
          <reporter-output>
            <line>
              <![CDATA[Setting Up Reports and Test is getting ready]]>
            </line>
            <line>
              <![CDATA[Settings Done->Test Can be Started]]>
            </line>
          </reporter-output>
        </test-method> <!-- setupSuite -->
        <test-method status="PASS" signature="setUp()[pri:0, instance:com.automation.testcases.LoginTest@15d0c81b]" name="setUp" is-config="true" duration-ms="3391" started-at="2021-03-27T04:14:10 EDT" finished-at="2021-03-27T04:14:13 EDT">
          <reporter-output>
            <line>
              <![CDATA[Trying to start Browser and getting Application Ready]]>
            </line>
            <line>
              <![CDATA[Browser and Application is up and running]]>
            </line>
          </reporter-output>
        </test-method> <!-- setUp -->
        <test-method status="PASS" signature="loginApplication()[pri:1, instance:com.automation.testcases.LoginTest@15d0c81b]" name="loginApplication" duration-ms="1889" started-at="2021-03-27T04:14:13 EDT" finished-at="2021-03-27T04:14:15 EDT">
          <reporter-output>
          </reporter-output>
        </test-method> <!-- loginApplication -->
        <test-method status="PASS" signature="tearDownMethod(org.testng.ITestResult)[pri:0, instance:com.automation.testcases.LoginTest@15d0c81b]" name="tearDownMethod" is-config="true" duration-ms="543" started-at="2021-03-27T04:14:15 EDT" finished-at="2021-03-27T04:14:15 EDT">
          <params>
            <param index="0">
              <value>
                <![CDATA[[TestResult name=loginApplication status=SUCCESS method=LoginTest.loginApplication()[pri:1, instance:com.automation.testcases.LoginTest@15d0c81b] output={null}]]]>
              </value>
            </param>
          </params>
          <reporter-output>
            <line>
              <![CDATA[Test is About to end]]>
            </line>
            <line>
              <![CDATA[Test Completed>>>Reports Generated]]>
            </line>
          </reporter-output>
        </test-method> <!-- tearDownMethod -->
        <test-method status="PASS" signature="tearDown()[pri:0, instance:com.automation.testcases.LoginTest@15d0c81b]" name="tearDown" is-config="true" duration-ms="1" started-at="2021-03-27T04:14:15 EDT" finished-at="2021-03-27T04:14:15 EDT">
          <reporter-output>
          </reporter-output>
        </test-method> <!-- tearDown -->
      </class> <!-- com.automation.testcases.LoginTest -->
    </test> <!-- Test -->
  </suite> <!-- Suite -->
</testng-results>
